19.10.2022, 12:24:24 - INFO - Server is running on port: 3030 
19.10.2022, 12:24:31 - INFO - New connected socket [id: my99CVkdo-KZ9cTvAAAB] 
19.10.2022, 12:25:40 - INFO - Socket disconnected [id: undefined] 
23.10.2022, 15:00:45 - INFO - Server is running on port: 3030 
23.10.2022, 15:00:48 - INFO - New connected socket [id: xRm3WeCHW2czz0iAAAAB] 
23.10.2022, 15:04:15 - INFO - Socket disconnected [id: undefined] 
24.10.2022, 12:01:18 - INFO - Server is running on port: 3030 
24.10.2022, 12:04:11 - INFO - New connected socket [id: LYh1wsPJ-ei8TRHeAAAB] 
24.10.2022, 18:48:02 - INFO - Server is running on port: 3030 
24.10.2022, 18:48:17 - INFO - New connected socket [id: oaAZASlOrO1_zgtbAAAB] 
24.10.2022, 18:48:19 - INFO - Socket disconnected [id: undefined] 
24.10.2022, 18:48:20 - INFO - New connected socket [id: iuyIllcrp5jHDCG5AAAD] 
24.10.2022, 18:56:56 - INFO - Socket disconnected [id: undefined] 
24.10.2022, 18:57:06 - INFO - New connected socket [id: v33ng6e7UTeNHCM3AAAF] 
24.10.2022, 19:00:37 - INFO - Socket disconnected [id: undefined] 
24.10.2022, 19:00:40 - INFO - New connected socket [id: kvqVbHaAm73KZTZYAAAH] 
24.10.2022, 19:11:10 - INFO - Socket disconnected [id: undefined] 
24.10.2022, 19:11:11 - INFO - New connected socket [id: jjk_NxevoyAhO-iUAAAJ] 
24.10.2022, 19:11:16 - INFO - Socket disconnected [id: undefined] 
24.10.2022, 19:11:17 - INFO - New connected socket [id: cUxHcKOFg-DYG81sAAAL] 
24.10.2022, 19:16:48 - INFO - Socket disconnected [id: undefined] 
30.10.2022, 20:36:50 - INFO - Server is running on port: 3030 
30.10.2022, 20:37:22 - INFO - New connected socket [id: ZBJW26HwQ4NWcGYwAAAB] 
30.10.2022, 20:37:25 - INFO - Socket disconnected [id: undefined] 
30.10.2022, 20:37:25 - INFO - New connected socket [id: LLKjJ7rSSnLmJw45AAAD] 
30.10.2022, 20:40:12 - INFO - Socket disconnected [id: undefined] 
30.10.2022, 20:40:12 - INFO - New connected socket [id: A2gKW31JUy2cVqH8AAAF] 
30.10.2022, 20:40:16 - INFO - Socket disconnected [id: undefined] 
30.10.2022, 20:40:16 - INFO - New connected socket [id: FyY3952DZloMAbbwAAAH] 
30.10.2022, 20:40:26 - INFO - Socket disconnected [id: undefined] 
30.10.2022, 20:40:27 - INFO - New connected socket [id: t98oKthNi9kbQInmAAAJ] 
30.10.2022, 20:40:36 - INFO - Socket disconnected [id: undefined] 
30.10.2022, 20:40:37 - INFO - New connected socket [id: BxIRShQ2WruQzpDyAAAL] 
30.10.2022, 20:40:46 - INFO - Socket disconnected [id: undefined] 
30.10.2022, 20:40:46 - INFO - New connected socket [id: JE6KVrUScIW3N4-rAAAN] 
30.10.2022, 20:41:30 - INFO - Socket disconnected [id: undefined] 
